<?xml version="1.0" encoding="UTF-8"?>
<testng-results skipped="0" failed="0" ignored="0" total="1" passed="1">
  <reporter-output>
  </reporter-output>
  <suite name="Suite" duration-ms="496" started-at="2020-06-26T17:29:19 IST" finished-at="2020-06-26T17:29:19 IST">
    <groups>
    </groups>
    <test name="Test" duration-ms="496" started-at="2020-06-26T17:29:19 IST" finished-at="2020-06-26T17:29:19 IST">
      <class name="Tests.ScreenshotTest">
        <test-method status="PASS" signature="login()[pri:0, instance:Tests.ScreenshotTest@184f6be2]" name="login" is-config="true" duration-ms="15910" started-at="2020-06-26T17:29:03 IST" finished-at="2020-06-26T17:29:19 IST">
          <reporter-output>
          </reporter-output>
        </test-method> <!-- login -->
        <test-method status="PASS" signature="TakeScreenShot()[pri:0, instance:Tests.ScreenshotTest@184f6be2]" name="TakeScreenShot" duration-ms="438" started-at="2020-06-26T17:29:19 IST" finished-at="2020-06-26T17:29:19 IST">
          <reporter-output>
          </reporter-output>
        </test-method> <!-- TakeScreenShot -->
        <test-method status="PASS" signature="tearDown()[pri:0, instance:Tests.ScreenshotTest@184f6be2]" name="tearDown" is-config="true" duration-ms="1097" started-at="2020-06-26T17:29:19 IST" finished-at="2020-06-26T17:29:21 IST">
          <reporter-output>
          </reporter-output>
        </test-method> <!-- tearDown -->
      </class> <!-- Tests.ScreenshotTest -->
    </test> <!-- Test -->
  </suite> <!-- Suite -->
</testng-results>
